<?xml version="1.0" encoding="UTF-8"?>
<testng-results ignored="0" total="1" passed="1" failed="0" skipped="0">
  <reporter-output>
  </reporter-output>
  <suite started-at="2022-09-20T22:16:48 IST" name="Default suite" finished-at="2022-09-20T22:17:17 IST" duration-ms="28449">
    <groups>
    </groups>
    <test started-at="2022-09-20T22:16:48 IST" name="Default test" finished-at="2022-09-20T22:17:17 IST" duration-ms="28449">
      <class name="com.facebook.tests.LoginTest">
        <test-method signature="loginTest()[pri:0, instance:com.facebook.tests.LoginTest@50b5ac82]" started-at="2022-09-20T22:16:48 IST" name="loginTest" finished-at="2022-09-20T22:17:16 IST" duration-ms="27263" status="PASS">
          <reporter-output>
          </reporter-output>
        </test-method> <!-- loginTest -->
        <test-method is-config="true" signature="closeLoginPage()[pri:0, instance:com.facebook.tests.LoginTest@50b5ac82]" started-at="2022-09-20T22:17:16 IST" name="closeLoginPage" finished-at="2022-09-20T22:17:17 IST" duration-ms="1009" status="PASS">
          <reporter-output>
          </reporter-output>
        </test-method> <!-- closeLoginPage -->
      </class> <!-- com.facebook.tests.LoginTest -->
    </test> <!-- Default test -->
  </suite> <!-- Default suite -->
</testng-results>
