<?xml version="1.0" encoding="UTF-8"?>
<!-- Generated by org.testng.reporters.JUnitXMLReporter -->
<testsuite ignored="2" hostname="LAPTOP-3RVOSM2P" failures="1" tests="22" name="Test" time="0.725" errors="0" timestamp="2022-09-05T21:36:54 IST">
  <testcase classname="JavaPackage.TestNG7" name="z" time="0.04">
    <failure type="java.lang.AssertionError" message="expected [true] but found [false]">
      <![CDATA[java.lang.AssertionError: expected [true] but found [false]
at JavaPackage.TestNG7.z(TestNG7.java:10)
at java.base/java.util.ArrayList.forEach(ArrayList.java:1511)
... Removed 31 stack frames]]>
    </failure>
  </testcase> <!-- z -->
  <testcase classname="JavaPackage.TestNG7" name="a" time="0.0">
    <skipped/>
  </testcase> <!-- a -->
  <testcase classname="JavaPackage.TestNG5" name="c" time="0.008"/>
  <testcase classname="JavaPackage.TestNG5" name="c" time="0.022"/>
  <testcase classname="JavaPackage.TestNG5" name="e" time="0.007">
    <skipped/>
  </testcase> <!-- e -->
  <testcase classname="JavaPackage.TestNG6" name="a" time="0.009"/>
  <testcase classname="JavaPackage.TestNG6" name="c" time="0.023"/>
  <testcase classname="JavaPackage.TestNG6" name="c" time="0.006"/>
  <testcase classname="JavaPackage.TestNG" name="a" time="0.022"/>
  <testcase classname="JavaPackage.TestNG3" name="a1" time="0.008"/>
  <testcase classname="JavaPackage.TestNG3" name="a3" time="0.011"/>
  <testcase classname="JavaPackage.TestNG3" name="ab" time="0.007"/>
  <testcase classname="JavaPackage.TestNG3" name="z" time="0.011"/>
  <testcase classname="JavaPackage.TestNG4" name="b" time="0.008"/>
  <testcase classname="JavaPackage.TestNG4" name="a" time="0.007"/>
  <testcase classname="JavaPackage.TestNG4" name="a3" time="0.011"/>
  <testcase classname="JavaPackage.TestNG4" name="e" time="0.003"/>
  <testcase classname="JavaPackage.TestNG4" name="s" time="0.006"/>
  <testcase classname="JavaPackage.TestNG4" name="z" time="0.004"/>
  <testcase classname="JavaPackage.TestNG4" name="f" time="0.005"/>
  <testcase classname="JavaPackage.TestNG4" name="d" time="0.022"/>
  <testcase classname="JavaPackage.TestNG2" name="assertionCheck" time="0.004"/>
  <testcase classname="JavaPackage.TestNG5" name="b" time="0.0">
    <ignored/>
  </testcase> <!-- b -->
  <testcase classname="JavaPackage.TestNG6" name="b" time="0.0">
    <ignored/>
  </testcase> <!-- b -->
</testsuite> <!-- Test -->
